2026-06-02 19:01:16,567 - root - INFO - Logging initialized. Log file path: C:\B-TECH\Internship\Primetrade.ai\PythonTradingBot\trading_bot\logs\trading_bot.log
2026-06-02 19:01:16,569 - root - INFO - Parsing command line arguments...
2026-06-02 19:01:16,570 - root - INFO - Initializing input validation...
2026-06-02 19:01:16,570 - root - ERROR - Input Validation Failed: Invalid symbol format: 'INVALID-SYM'. Symbol must be alphanumeric, 3-20 characters long, and uppercase.
2026-06-02 19:03:34,279 - root - INFO - Logging initialized. Log file path: C:\B-TECH\Internship\Primetrade.ai\PythonTradingBot\trading_bot\logs\trading_bot.log
2026-06-02 19:03:34,279 - root - INFO - Parsing command line arguments...
2026-06-02 19:03:34,281 - root - INFO - Initializing input validation...
2026-06-02 19:03:34,282 - root - ERROR - Input Validation Failed: Price (--price) is required and must be positive when --type is LIMIT.
2026-06-02 19:03:47,715 - root - INFO - Logging initialized. Log file path: C:\B-TECH\Internship\Primetrade.ai\PythonTradingBot\trading_bot\logs\trading_bot.log
2026-06-02 19:03:47,717 - root - INFO - Parsing command line arguments...
2026-06-02 19:03:47,718 - root - INFO - Initializing input validation...
2026-06-02 19:03:47,718 - root - INFO - Input validation passed successfully.
2026-06-02 19:03:47,719 - BinanceFuturesClient - ERROR - Binance API Key or Secret is missing. Ensure BINANCE_API_KEY and BINANCE_API_SECRET are set in your environment or configured in a .env file.
2026-06-02 19:03:47,720 - root - ERROR - Configuration error: Binance API Key or Secret is missing. Ensure BINANCE_API_KEY and BINANCE_API_SECRET are set in your environment or configured in a .env file.
[INFO]
2026-06-02 19:19:21
Logging system initialized
-
-
-

[INFO]
2026-06-02 19:19:21
Parse CLI Arguments Success
INVALID-SYM
BUY
MARKET

[ERROR]
2026-06-02 19:19:21
ValidationError
Invalid symbol format: 'INVALID-SYM'. Symbol must be alphanumeric, 3-20 characters long, and uppercase.

[INFO]
2026-06-02 19:19:53
Logging system initialized
-
-
-

[INFO]
2026-06-02 19:19:53
Parse CLI Arguments Success
BTCUSDT
BUY
MARKET

[ERROR]
2026-06-02 19:19:53
ClientConfigError
Binance API Key or Secret is missing. Ensure BINANCE_API_KEY and BINANCE_API_SECRET are set in your environment or configured in a .env file.

[INFO]
2026-06-02 19:20:20
Logging system initialized
-
-
-

[INFO]
2026-06-02 19:20:20
Retry Test Initialization
-
-
-

[INFO]
2026-06-02 19:20:20
Unstable Request Attempt 1
BTCUSDT
BUY
MARKET

[ERROR]
2026-06-02 19:20:20
BinanceRequestException
Transient network error on dummy_unstable_network_call (attempt 1/3): BinanceRequestException: Simulated network socket connection timeout error. Retrying in 0.10s...

[INFO]
2026-06-02 19:20:21
Unstable Request Attempt 2
BTCUSDT
BUY
MARKET

[ERROR]
2026-06-02 19:20:21
BinanceRequestException
Transient network error on dummy_unstable_network_call (attempt 2/3): BinanceRequestException: Simulated network socket connection timeout error. Retrying in 0.20s...

[INFO]
2026-06-02 19:20:21
Unstable Request Attempt 3
BTCUSDT
BUY
MARKET

[ERROR]
2026-06-02 19:20:21
BinanceRequestException
Network connection failed permanently after 3 attempts: BinanceRequestException: Simulated network socket connection timeout error

[ERROR]
2026-06-02 19:20:21
ClientConnectionError
Permanent network failure verified: Permanent network failure: BinanceRequestException: Simulated network socket connection timeout error

[INFO]
2026-06-02 19:22:51
Logging system initialized
-
-
-

[INFO]
2026-06-02 19:22:51
Parse CLI Arguments Success
INVALID-SYM
BUY
MARKET

[ERROR]
2026-06-02 19:22:51
ValidationError
Invalid symbol format: 'INVALID-SYM'. Symbol must be alphanumeric, 3-20 characters long, and uppercase.

[INFO]
2026-06-02 19:22:59
Logging system initialized
-
-
-

[INFO]
2026-06-02 19:22:59
Parse CLI Arguments Success
BTCUSDT
BUY
MARKET

[INFO]
2026-06-02 19:23:09
Logging system initialized
-
-
-

[INFO]
2026-06-02 19:23:09
Parse CLI Arguments Success
BTCUSDT
BUY
MARKET

[INFO]
2026-06-02 19:23:37
Order Aborted By User
BTCUSDT
BUY
MARKET

[INFO]
2026-06-02 19:23:56
Logging system initialized
-
-
-

[INFO]
2026-06-02 19:23:56
Parse CLI Arguments Success
BTCUSDT
BUY
MARKET

[INFO]
2026-06-02 19:25:44
Order Aborted By User
BTCUSDT
BUY
MARKET

[INFO]
2026-06-02 19:30:24
Logging system initialized
-
-
-

[INFO]
2026-06-02 19:30:24
Parse CLI Arguments Success
BTCUSDT
BUY
MARKET

[INFO]
2026-06-02 19:33:09
Initialize Client Connection Parameters
-
-
-

[INFO]
2026-06-02 19:33:09
Initialize Client Connection Success
-
-
-

[INFO]
2026-06-02 19:33:09
API Ping and Balance Verification Request
-
-
-

[ERROR]
2026-06-02 19:33:10
BinanceAPIException
Binance Futures Testnet API Key check failed: [Code -2014] API-key format invalid.

